2016/03/29 08:52:21 [error] [php] date(): It is not safe to rely on the system's timezone settings. You are *required* to use the date.timezone setting or the date_default_timezone_set() function. In case you used any of those methods and you are still getting this warning, you most likely misspelled the timezone identifier. We selected the timezone 'UTC' for now, but please set date.timezone to select your timezone. (/Users/kezhang/My/www/html/protected/views/layouts/main.php:51)
Stack trace:
#0 /Users/kezhang/My/www/html/yii-1.1/framework/web/CBaseController.php(95): SiteController->renderInternal()
#1 /Users/kezhang/My/www/html/yii-1.1/framework/web/widgets/CContentDecorator.php(76): SiteController->renderFile()
#2 /Users/kezhang/My/www/html/yii-1.1/framework/web/widgets/CContentDecorator.php(54): CContentDecorator->decorate()
#3 /Users/kezhang/My/www/html/yii-1.1/framework/web/widgets/COutputProcessor.php(44): CContentDecorator->processOutput()
#4 /Users/kezhang/My/www/html/yii-1.1/framework/web/CBaseController.php(214): CContentDecorator->run()
#5 /Users/kezhang/My/www/html/yii-1.1/framework/web/CBaseController.php(308): SiteController->endWidget()
#6 /Users/kezhang/My/www/html/protected/views/layouts/column1.php(6): SiteController->endContent()
#7 /Users/kezhang/My/www/html/yii-1.1/framework/web/CBaseController.php(126): require()
#8 /Users/kezhang/My/www/html/yii-1.1/framework/web/CBaseController.php(95): SiteController->renderInternal()
#9 /Users/kezhang/My/www/html/yii-1.1/framework/web/CController.php(784): SiteController->renderFile()
#10 /Users/kezhang/My/www/html/protected/controllers/SiteController.php(32): SiteController->render()
#11 /Users/kezhang/My/www/html/yii-1.1/framework/web/actions/CInlineAction.php(49): SiteController->actionIndex()
#12 /Users/kezhang/My/www/html/yii-1.1/framework/web/CController.php(308): CInlineAction->runWithParams()
#13 /Users/kezhang/My/www/html/yii-1.1/framework/web/CController.php(286): SiteController->runAction()
#14 /Users/kezhang/My/www/html/yii-1.1/framework/web/CController.php(265): SiteController->runActionWithFilters()
#15 /Users/kezhang/My/www/html/yii-1.1/framework/web/CWebApplication.php(282): SiteController->run()
#16 /Users/kezhang/My/www/html/yii-1.1/framework/web/CWebApplication.php(141): CWebApplication->runController()
#17 /Users/kezhang/My/www/html/yii-1.1/framework/base/CApplication.php(185): CWebApplication->processRequest()
#18 /Users/kezhang/My/www/html/index.php(13): CWebApplication->run()
REQUEST_URI=/
in /Users/kezhang/My/www/html/protected/views/layouts/main.php (51)
in /Users/kezhang/My/www/html/protected/views/layouts/column1.php (6)
in /Users/kezhang/My/www/html/protected/controllers/SiteController.php (32)
2016/03/29 08:56:08 [error] [php] date(): It is not safe to rely on the system's timezone settings. You are *required* to use the date.timezone setting or the date_default_timezone_set() function. In case you used any of those methods and you are still getting this warning, you most likely misspelled the timezone identifier. We selected the timezone 'UTC' for now, but please set date.timezone to select your timezone. (/Users/kezhang/My/www/html/protected/views/layouts/main.php:51)
Stack trace:
#0 /Users/kezhang/My/www/html/yii-1.1/framework/web/CBaseController.php(95): SiteController->renderInternal()
#1 /Users/kezhang/My/www/html/yii-1.1/framework/web/widgets/CContentDecorator.php(76): SiteController->renderFile()
#2 /Users/kezhang/My/www/html/yii-1.1/framework/web/widgets/CContentDecorator.php(54): CContentDecorator->decorate()
#3 /Users/kezhang/My/www/html/yii-1.1/framework/web/widgets/COutputProcessor.php(44): CContentDecorator->processOutput()
#4 /Users/kezhang/My/www/html/yii-1.1/framework/web/CBaseController.php(214): CContentDecorator->run()
#5 /Users/kezhang/My/www/html/yii-1.1/framework/web/CBaseController.php(308): SiteController->endWidget()
#6 /Users/kezhang/My/www/html/protected/views/layouts/column1.php(6): SiteController->endContent()
#7 /Users/kezhang/My/www/html/yii-1.1/framework/web/CBaseController.php(126): require()
#8 /Users/kezhang/My/www/html/yii-1.1/framework/web/CBaseController.php(95): SiteController->renderInternal()
#9 /Users/kezhang/My/www/html/yii-1.1/framework/web/CController.php(784): SiteController->renderFile()
#10 /Users/kezhang/My/www/html/protected/controllers/SiteController.php(32): SiteController->render()
#11 /Users/kezhang/My/www/html/yii-1.1/framework/web/actions/CInlineAction.php(49): SiteController->actionIndex()
#12 /Users/kezhang/My/www/html/yii-1.1/framework/web/CController.php(308): CInlineAction->runWithParams()
#13 /Users/kezhang/My/www/html/yii-1.1/framework/web/CController.php(286): SiteController->runAction()
#14 /Users/kezhang/My/www/html/yii-1.1/framework/web/CController.php(265): SiteController->runActionWithFilters()
#15 /Users/kezhang/My/www/html/yii-1.1/framework/web/CWebApplication.php(282): SiteController->run()
#16 /Users/kezhang/My/www/html/yii-1.1/framework/web/CWebApplication.php(141): CWebApplication->runController()
#17 /Users/kezhang/My/www/html/yii-1.1/framework/base/CApplication.php(185): CWebApplication->processRequest()
#18 /Users/kezhang/My/www/html/index.php(13): CWebApplication->run()
REQUEST_URI=/
in /Users/kezhang/My/www/html/protected/views/layouts/main.php (51)
in /Users/kezhang/My/www/html/protected/views/layouts/column1.php (6)
in /Users/kezhang/My/www/html/protected/controllers/SiteController.php (32)
2016/03/29 08:57:22 [error] [php] date(): It is not safe to rely on the system's timezone settings. You are *required* to use the date.timezone setting or the date_default_timezone_set() function. In case you used any of those methods and you are still getting this warning, you most likely misspelled the timezone identifier. We selected the timezone 'UTC' for now, but please set date.timezone to select your timezone. (/Users/kezhang/My/www/html/protected/views/layouts/main.php:51)
Stack trace:
#0 /Users/kezhang/My/www/html/yii-1.1/framework/web/CBaseController.php(95): SiteController->renderInternal()
#1 /Users/kezhang/My/www/html/yii-1.1/framework/web/widgets/CContentDecorator.php(76): SiteController->renderFile()
#2 /Users/kezhang/My/www/html/yii-1.1/framework/web/widgets/CContentDecorator.php(54): CContentDecorator->decorate()
#3 /Users/kezhang/My/www/html/yii-1.1/framework/web/widgets/COutputProcessor.php(44): CContentDecorator->processOutput()
#4 /Users/kezhang/My/www/html/yii-1.1/framework/web/CBaseController.php(214): CContentDecorator->run()
#5 /Users/kezhang/My/www/html/yii-1.1/framework/web/CBaseController.php(308): SiteController->endWidget()
#6 /Users/kezhang/My/www/html/protected/views/layouts/column1.php(6): SiteController->endContent()
#7 /Users/kezhang/My/www/html/yii-1.1/framework/web/CBaseController.php(126): require()
#8 /Users/kezhang/My/www/html/yii-1.1/framework/web/CBaseController.php(95): SiteController->renderInternal()
#9 /Users/kezhang/My/www/html/yii-1.1/framework/web/CController.php(784): SiteController->renderFile()
#10 /Users/kezhang/My/www/html/protected/controllers/SiteController.php(32): SiteController->render()
#11 /Users/kezhang/My/www/html/yii-1.1/framework/web/actions/CInlineAction.php(49): SiteController->actionIndex()
#12 /Users/kezhang/My/www/html/yii-1.1/framework/web/CController.php(308): CInlineAction->runWithParams()
#13 /Users/kezhang/My/www/html/yii-1.1/framework/web/CController.php(286): SiteController->runAction()
#14 /Users/kezhang/My/www/html/yii-1.1/framework/web/CController.php(265): SiteController->runActionWithFilters()
#15 /Users/kezhang/My/www/html/yii-1.1/framework/web/CWebApplication.php(282): SiteController->run()
#16 /Users/kezhang/My/www/html/yii-1.1/framework/web/CWebApplication.php(141): CWebApplication->runController()
#17 /Users/kezhang/My/www/html/yii-1.1/framework/base/CApplication.php(185): CWebApplication->processRequest()
#18 /Users/kezhang/My/www/html/index.php(13): CWebApplication->run()
REQUEST_URI=/
in /Users/kezhang/My/www/html/protected/views/layouts/main.php (51)
in /Users/kezhang/My/www/html/protected/views/layouts/column1.php (6)
in /Users/kezhang/My/www/html/protected/controllers/SiteController.php (32)
2016/03/29 09:01:33 [error] [php] date(): It is not safe to rely on the system's timezone settings. You are *required* to use the date.timezone setting or the date_default_timezone_set() function. In case you used any of those methods and you are still getting this warning, you most likely misspelled the timezone identifier. We selected the timezone 'UTC' for now, but please set date.timezone to select your timezone. (/Users/kezhang/My/www/html/protected/views/layouts/main.php:51)
Stack trace:
#0 /Users/kezhang/My/www/html/yii-1.1/framework/web/CBaseController.php(95): SiteController->renderInternal()
#1 /Users/kezhang/My/www/html/yii-1.1/framework/web/widgets/CContentDecorator.php(76): SiteController->renderFile()
#2 /Users/kezhang/My/www/html/yii-1.1/framework/web/widgets/CContentDecorator.php(54): CContentDecorator->decorate()
#3 /Users/kezhang/My/www/html/yii-1.1/framework/web/widgets/COutputProcessor.php(44): CContentDecorator->processOutput()
#4 /Users/kezhang/My/www/html/yii-1.1/framework/web/CBaseController.php(214): CContentDecorator->run()
#5 /Users/kezhang/My/www/html/yii-1.1/framework/web/CBaseController.php(308): SiteController->endWidget()
#6 /Users/kezhang/My/www/html/protected/views/layouts/column1.php(6): SiteController->endContent()
#7 /Users/kezhang/My/www/html/yii-1.1/framework/web/CBaseController.php(126): require()
#8 /Users/kezhang/My/www/html/yii-1.1/framework/web/CBaseController.php(95): SiteController->renderInternal()
#9 /Users/kezhang/My/www/html/yii-1.1/framework/web/CController.php(784): SiteController->renderFile()
#10 /Users/kezhang/My/www/html/protected/controllers/SiteController.php(32): SiteController->render()
#11 /Users/kezhang/My/www/html/yii-1.1/framework/web/actions/CInlineAction.php(49): SiteController->actionIndex()
#12 /Users/kezhang/My/www/html/yii-1.1/framework/web/CController.php(308): CInlineAction->runWithParams()
#13 /Users/kezhang/My/www/html/yii-1.1/framework/web/CController.php(286): SiteController->runAction()
#14 /Users/kezhang/My/www/html/yii-1.1/framework/web/CController.php(265): SiteController->runActionWithFilters()
#15 /Users/kezhang/My/www/html/yii-1.1/framework/web/CWebApplication.php(282): SiteController->run()
#16 /Users/kezhang/My/www/html/yii-1.1/framework/web/CWebApplication.php(141): CWebApplication->runController()
#17 /Users/kezhang/My/www/html/yii-1.1/framework/base/CApplication.php(185): CWebApplication->processRequest()
#18 /Users/kezhang/My/www/html/index.php(13): CWebApplication->run()
REQUEST_URI=/
in /Users/kezhang/My/www/html/protected/views/layouts/main.php (51)
in /Users/kezhang/My/www/html/protected/views/layouts/column1.php (6)
in /Users/kezhang/My/www/html/protected/controllers/SiteController.php (32)
2016/03/29 09:03:26 [error] [php] date(): It is not safe to rely on the system's timezone settings. You are *required* to use the date.timezone setting or the date_default_timezone_set() function. In case you used any of those methods and you are still getting this warning, you most likely misspelled the timezone identifier. We selected the timezone 'UTC' for now, but please set date.timezone to select your timezone. (/Users/kezhang/My/www/html/protected/views/layouts/main.php:51)
Stack trace:
#0 /Users/kezhang/My/www/html/yii-1.1/framework/web/CBaseController.php(95): SiteController->renderInternal()
#1 /Users/kezhang/My/www/html/yii-1.1/framework/web/widgets/CContentDecorator.php(76): SiteController->renderFile()
#2 /Users/kezhang/My/www/html/yii-1.1/framework/web/widgets/CContentDecorator.php(54): CContentDecorator->decorate()
#3 /Users/kezhang/My/www/html/yii-1.1/framework/web/widgets/COutputProcessor.php(44): CContentDecorator->processOutput()
#4 /Users/kezhang/My/www/html/yii-1.1/framework/web/CBaseController.php(214): CContentDecorator->run()
#5 /Users/kezhang/My/www/html/yii-1.1/framework/web/CBaseController.php(308): SiteController->endWidget()
#6 /Users/kezhang/My/www/html/protected/views/layouts/column1.php(6): SiteController->endContent()
#7 /Users/kezhang/My/www/html/yii-1.1/framework/web/CBaseController.php(126): require()
#8 /Users/kezhang/My/www/html/yii-1.1/framework/web/CBaseController.php(95): SiteController->renderInternal()
#9 /Users/kezhang/My/www/html/yii-1.1/framework/web/CController.php(784): SiteController->renderFile()
#10 /Users/kezhang/My/www/html/protected/controllers/SiteController.php(32): SiteController->render()
#11 /Users/kezhang/My/www/html/yii-1.1/framework/web/actions/CInlineAction.php(49): SiteController->actionIndex()
#12 /Users/kezhang/My/www/html/yii-1.1/framework/web/CController.php(308): CInlineAction->runWithParams()
#13 /Users/kezhang/My/www/html/yii-1.1/framework/web/CController.php(286): SiteController->runAction()
#14 /Users/kezhang/My/www/html/yii-1.1/framework/web/CController.php(265): SiteController->runActionWithFilters()
#15 /Users/kezhang/My/www/html/yii-1.1/framework/web/CWebApplication.php(282): SiteController->run()
#16 /Users/kezhang/My/www/html/yii-1.1/framework/web/CWebApplication.php(141): CWebApplication->runController()
#17 /Users/kezhang/My/www/html/yii-1.1/framework/base/CApplication.php(185): CWebApplication->processRequest()
#18 /Users/kezhang/My/www/html/index.php(13): CWebApplication->run()
REQUEST_URI=/
in /Users/kezhang/My/www/html/protected/views/layouts/main.php (51)
in /Users/kezhang/My/www/html/protected/views/layouts/column1.php (6)
in /Users/kezhang/My/www/html/protected/controllers/SiteController.php (32)
2016/03/29 09:03:29 [error] [php] date(): It is not safe to rely on the system's timezone settings. You are *required* to use the date.timezone setting or the date_default_timezone_set() function. In case you used any of those methods and you are still getting this warning, you most likely misspelled the timezone identifier. We selected the timezone 'UTC' for now, but please set date.timezone to select your timezone. (/Users/kezhang/My/www/html/protected/views/layouts/main.php:51)
Stack trace:
#0 /Users/kezhang/My/www/html/yii-1.1/framework/web/CBaseController.php(95): SiteController->renderInternal()
#1 /Users/kezhang/My/www/html/yii-1.1/framework/web/widgets/CContentDecorator.php(76): SiteController->renderFile()
#2 /Users/kezhang/My/www/html/yii-1.1/framework/web/widgets/CContentDecorator.php(54): CContentDecorator->decorate()
#3 /Users/kezhang/My/www/html/yii-1.1/framework/web/widgets/COutputProcessor.php(44): CContentDecorator->processOutput()
#4 /Users/kezhang/My/www/html/yii-1.1/framework/web/CBaseController.php(214): CContentDecorator->run()
#5 /Users/kezhang/My/www/html/yii-1.1/framework/web/CBaseController.php(308): SiteController->endWidget()
#6 /Users/kezhang/My/www/html/protected/views/layouts/column1.php(6): SiteController->endContent()
#7 /Users/kezhang/My/www/html/yii-1.1/framework/web/CBaseController.php(126): require()
#8 /Users/kezhang/My/www/html/yii-1.1/framework/web/CBaseController.php(95): SiteController->renderInternal()
#9 /Users/kezhang/My/www/html/yii-1.1/framework/web/CController.php(784): SiteController->renderFile()
#10 /Users/kezhang/My/www/html/protected/controllers/SiteController.php(32): SiteController->render()
#11 /Users/kezhang/My/www/html/yii-1.1/framework/web/actions/CInlineAction.php(49): SiteController->actionIndex()
#12 /Users/kezhang/My/www/html/yii-1.1/framework/web/CController.php(308): CInlineAction->runWithParams()
#13 /Users/kezhang/My/www/html/yii-1.1/framework/web/CController.php(286): SiteController->runAction()
#14 /Users/kezhang/My/www/html/yii-1.1/framework/web/CController.php(265): SiteController->runActionWithFilters()
#15 /Users/kezhang/My/www/html/yii-1.1/framework/web/CWebApplication.php(282): SiteController->run()
#16 /Users/kezhang/My/www/html/yii-1.1/framework/web/CWebApplication.php(141): CWebApplication->runController()
#17 /Users/kezhang/My/www/html/yii-1.1/framework/base/CApplication.php(185): CWebApplication->processRequest()
#18 /Users/kezhang/My/www/html/index.php(13): CWebApplication->run()
REQUEST_URI=/
in /Users/kezhang/My/www/html/protected/views/layouts/main.php (51)
in /Users/kezhang/My/www/html/protected/views/layouts/column1.php (6)
in /Users/kezhang/My/www/html/protected/controllers/SiteController.php (32)
2016/03/29 09:05:54 [error] [php] date(): It is not safe to rely on the system's timezone settings. You are *required* to use the date.timezone setting or the date_default_timezone_set() function. In case you used any of those methods and you are still getting this warning, you most likely misspelled the timezone identifier. We selected the timezone 'UTC' for now, but please set date.timezone to select your timezone. (/Users/kezhang/My/www/html/protected/views/layouts/main.php:51)
Stack trace:
#0 /Users/kezhang/My/www/html/yii-1.1/framework/web/CBaseController.php(95): SiteController->renderInternal()
#1 /Users/kezhang/My/www/html/yii-1.1/framework/web/widgets/CContentDecorator.php(76): SiteController->renderFile()
#2 /Users/kezhang/My/www/html/yii-1.1/framework/web/widgets/CContentDecorator.php(54): CContentDecorator->decorate()
#3 /Users/kezhang/My/www/html/yii-1.1/framework/web/widgets/COutputProcessor.php(44): CContentDecorator->processOutput()
#4 /Users/kezhang/My/www/html/yii-1.1/framework/web/CBaseController.php(214): CContentDecorator->run()
#5 /Users/kezhang/My/www/html/yii-1.1/framework/web/CBaseController.php(308): SiteController->endWidget()
#6 /Users/kezhang/My/www/html/protected/views/layouts/column1.php(6): SiteController->endContent()
#7 /Users/kezhang/My/www/html/yii-1.1/framework/web/CBaseController.php(126): require()
#8 /Users/kezhang/My/www/html/yii-1.1/framework/web/CBaseController.php(95): SiteController->renderInternal()
#9 /Users/kezhang/My/www/html/yii-1.1/framework/web/CController.php(784): SiteController->renderFile()
#10 /Users/kezhang/My/www/html/protected/controllers/SiteController.php(32): SiteController->render()
#11 /Users/kezhang/My/www/html/yii-1.1/framework/web/actions/CInlineAction.php(49): SiteController->actionIndex()
#12 /Users/kezhang/My/www/html/yii-1.1/framework/web/CController.php(308): CInlineAction->runWithParams()
#13 /Users/kezhang/My/www/html/yii-1.1/framework/web/CController.php(286): SiteController->runAction()
#14 /Users/kezhang/My/www/html/yii-1.1/framework/web/CController.php(265): SiteController->runActionWithFilters()
#15 /Users/kezhang/My/www/html/yii-1.1/framework/web/CWebApplication.php(282): SiteController->run()
#16 /Users/kezhang/My/www/html/yii-1.1/framework/web/CWebApplication.php(141): CWebApplication->runController()
#17 /Users/kezhang/My/www/html/yii-1.1/framework/base/CApplication.php(185): CWebApplication->processRequest()
#18 /Users/kezhang/My/www/html/index.php(13): CWebApplication->run()
REQUEST_URI=/
in /Users/kezhang/My/www/html/protected/views/layouts/main.php (51)
in /Users/kezhang/My/www/html/protected/views/layouts/column1.php (6)
in /Users/kezhang/My/www/html/protected/controllers/SiteController.php (32)
2016/03/29 18:17:49 [error] [exception.CDbException] exception 'CDbException' with message 'CDbConnection failed to open the DB connection: SQLSTATE[HY000] [2002] No such file or directory' in /Users/kezhang/My/www/html/yii-1.1/framework/db/CDbConnection.php:399
Stack trace:
#0 /Users/kezhang/My/www/html/yii-1.1/framework/db/CDbConnection.php(347): CDbConnection->open()
#1 /Users/kezhang/My/www/html/yii-1.1/framework/db/CDbConnection.php(325): CDbConnection->setActive(true)
#2 /Users/kezhang/My/www/html/yii-1.1/framework/base/CModule.php(394): CDbConnection->init()
#3 /Users/kezhang/My/www/html/yii-1.1/framework/base/CModule.php(103): CModule->getComponent('db')
#4 /Users/kezhang/My/www/html/yii-1.1/framework/gii/generators/model/ModelCode.php(60): CModule->__get('db')
#5 /Users/kezhang/My/www/html/yii-1.1/framework/web/CFormModel.php(39): ModelCode->init()
#6 /Users/kezhang/My/www/html/yii-1.1/framework/gii/CCodeGenerator.php(153): CFormModel->__construct()
#7 /Users/kezhang/My/www/html/yii-1.1/framework/gii/CCodeGenerator.php(63): CCodeGenerator->prepare()
#8 /Users/kezhang/My/www/html/yii-1.1/framework/web/actions/CInlineAction.php(49): CCodeGenerator->actionIndex()
#9 /Users/kezhang/My/www/html/yii-1.1/framework/web/CController.php(308): CInlineAction->runWithParams(Array)
#10 /Users/kezhang/My/www/html/yii-1.1/framework/web/CController.php(286): CController->runAction(Object(CInlineAction))
#11 /Users/kezhang/My/www/html/yii-1.1/framework/web/CController.php(265): CController->runActionWithFilters(Object(CInlineAction), Array)
#12 /Users/kezhang/My/www/html/yii-1.1/framework/web/CWebApplication.php(282): CController->run('index')
#13 /Users/kezhang/My/www/html/yii-1.1/framework/web/CWebApplication.php(141): CWebApplication->runController('gii/model/index')
#14 /Users/kezhang/My/www/html/yii-1.1/framework/base/CApplication.php(185): CWebApplication->processRequest()
#15 /Users/kezhang/My/www/html/index.php(13): CApplication->run()
#16 {main}
REQUEST_URI=/index.php?r=gii/model/index
HTTP_REFERER=http://localhost:8080/index.php?r=gii/default/index
---
2016/03/29 18:20:11 [error] [exception.CDbException] exception 'CDbException' with message 'CDbConnection failed to open the DB connection: SQLSTATE[HY000] [2002] No such file or directory' in /Users/kezhang/My/www/html/yii-1.1/framework/db/CDbConnection.php:399
Stack trace:
#0 /Users/kezhang/My/www/html/yii-1.1/framework/db/CDbConnection.php(347): CDbConnection->open()
#1 /Users/kezhang/My/www/html/yii-1.1/framework/db/CDbConnection.php(325): CDbConnection->setActive(true)
#2 /Users/kezhang/My/www/html/yii-1.1/framework/base/CModule.php(394): CDbConnection->init()
#3 /Users/kezhang/My/www/html/yii-1.1/framework/base/CModule.php(103): CModule->getComponent('db')
#4 /Users/kezhang/My/www/html/yii-1.1/framework/gii/generators/model/ModelCode.php(60): CModule->__get('db')
#5 /Users/kezhang/My/www/html/yii-1.1/framework/web/CFormModel.php(39): ModelCode->init()
#6 /Users/kezhang/My/www/html/yii-1.1/framework/gii/CCodeGenerator.php(153): CFormModel->__construct()
#7 /Users/kezhang/My/www/html/yii-1.1/framework/gii/CCodeGenerator.php(63): CCodeGenerator->prepare()
#8 /Users/kezhang/My/www/html/yii-1.1/framework/web/actions/CInlineAction.php(49): CCodeGenerator->actionIndex()
#9 /Users/kezhang/My/www/html/yii-1.1/framework/web/CController.php(308): CInlineAction->runWithParams(Array)
#10 /Users/kezhang/My/www/html/yii-1.1/framework/web/CController.php(286): CController->runAction(Object(CInlineAction))
#11 /Users/kezhang/My/www/html/yii-1.1/framework/web/CController.php(265): CController->runActionWithFilters(Object(CInlineAction), Array)
#12 /Users/kezhang/My/www/html/yii-1.1/framework/web/CWebApplication.php(282): CController->run('index')
#13 /Users/kezhang/My/www/html/yii-1.1/framework/web/CWebApplication.php(141): CWebApplication->runController('gii/model/index')
#14 /Users/kezhang/My/www/html/yii-1.1/framework/base/CApplication.php(185): CWebApplication->processRequest()
#15 /Users/kezhang/My/www/html/index.php(13): CApplication->run()
#16 {main}
REQUEST_URI=/index.php?r=gii/model/index
HTTP_REFERER=http://localhost:8080/index.php?r=gii/default/index
---
2016/03/31 22:55:25 [error] [exception.CHttpException.404] exception 'CHttpException' with message 'The system is unable to find the requested action "list".' in /Users/kezhang/My/www/html/yii-1.1/framework/web/CController.php:483
Stack trace:
#0 /Users/kezhang/My/www/html/yii-1.1/framework/web/CController.php(270): CController->missingAction('list')
#1 /Users/kezhang/My/www/html/yii-1.1/framework/web/CWebApplication.php(282): CController->run('list')
#2 /Users/kezhang/My/www/html/yii-1.1/framework/web/CWebApplication.php(141): CWebApplication->runController('user/list')
#3 /Users/kezhang/My/www/html/yii-1.1/framework/base/CApplication.php(185): CWebApplication->processRequest()
#4 /Users/kezhang/My/www/html/index.php(13): CApplication->run()
#5 {main}
REQUEST_URI=/user/list
---
2016/04/01 21:28:42 [error] [exception.CHttpException.404] exception 'CHttpException' with message 'Unable to resolve the request "favicon.ico".' in /Users/kezhang/My/www/html/yii-1.1/framework/web/CWebApplication.php:286
Stack trace:
#0 /Users/kezhang/My/www/html/yii-1.1/framework/web/CWebApplication.php(141): CWebApplication->runController('favicon.ico')
#1 /Users/kezhang/My/www/html/yii-1.1/framework/base/CApplication.php(185): CWebApplication->processRequest()
#2 /Users/kezhang/My/www/html/index.php(13): CApplication->run()
#3 {main}
REQUEST_URI=/favicon.ico
HTTP_REFERER=http://localhost:8080/message
---
2016/04/01 21:34:13 [error] [php] Use of undefined constant m - assumed 'm' (/Users/kezhang/My/www/html/protected/views/message/helloWorld.php:11)
Stack trace:
#0 /Users/kezhang/My/www/html/yii-1.1/framework/web/CController.php(869): MessageController->renderFile()
#1 /Users/kezhang/My/www/html/yii-1.1/framework/web/CController.php(782): MessageController->renderPartial()
#2 /Users/kezhang/My/www/html/protected/controllers/MessageController.php(7): MessageController->render()
#3 /Users/kezhang/My/www/html/yii-1.1/framework/web/actions/CInlineAction.php(49): MessageController->actionHelloWorld()
#4 /Users/kezhang/My/www/html/yii-1.1/framework/web/CController.php(308): CInlineAction->runWithParams()
#5 /Users/kezhang/My/www/html/yii-1.1/framework/web/CController.php(286): MessageController->runAction()
#6 /Users/kezhang/My/www/html/yii-1.1/framework/web/CController.php(265): MessageController->runActionWithFilters()
#7 /Users/kezhang/My/www/html/yii-1.1/framework/web/CWebApplication.php(282): MessageController->run()
#8 /Users/kezhang/My/www/html/yii-1.1/framework/web/CWebApplication.php(141): CWebApplication->runController()
#9 /Users/kezhang/My/www/html/yii-1.1/framework/base/CApplication.php(185): CWebApplication->processRequest()
#10 /Users/kezhang/My/www/html/index.php(13): CWebApplication->run()
REQUEST_URI=/message/helloworld
in /Users/kezhang/My/www/html/protected/views/message/helloWorld.php (11)
in /Users/kezhang/My/www/html/protected/controllers/MessageController.php (7)
in /Users/kezhang/My/www/html/index.php (13)
2016/04/01 21:34:17 [error] [php] Use of undefined constant m - assumed 'm' (/Users/kezhang/My/www/html/protected/views/message/helloWorld.php:11)
Stack trace:
#0 /Users/kezhang/My/www/html/yii-1.1/framework/web/CController.php(869): MessageController->renderFile()
#1 /Users/kezhang/My/www/html/yii-1.1/framework/web/CController.php(782): MessageController->renderPartial()
#2 /Users/kezhang/My/www/html/protected/controllers/MessageController.php(7): MessageController->render()
#3 /Users/kezhang/My/www/html/yii-1.1/framework/web/actions/CInlineAction.php(49): MessageController->actionHelloWorld()
#4 /Users/kezhang/My/www/html/yii-1.1/framework/web/CController.php(308): CInlineAction->runWithParams()
#5 /Users/kezhang/My/www/html/yii-1.1/framework/web/CController.php(286): MessageController->runAction()
#6 /Users/kezhang/My/www/html/yii-1.1/framework/web/CController.php(265): MessageController->runActionWithFilters()
#7 /Users/kezhang/My/www/html/yii-1.1/framework/web/CWebApplication.php(282): MessageController->run()
#8 /Users/kezhang/My/www/html/yii-1.1/framework/web/CWebApplication.php(141): CWebApplication->runController()
#9 /Users/kezhang/My/www/html/yii-1.1/framework/base/CApplication.php(185): CWebApplication->processRequest()
#10 /Users/kezhang/My/www/html/index.php(13): CWebApplication->run()
REQUEST_URI=/message/helloWorld
in /Users/kezhang/My/www/html/protected/views/message/helloWorld.php (11)
in /Users/kezhang/My/www/html/protected/controllers/MessageController.php (7)
in /Users/kezhang/My/www/html/index.php (13)
2016/04/01 21:34:50 [error] [php] Use of undefined constant m - assumed 'm' (/Users/kezhang/My/www/html/protected/views/message/helloWorld.php:11)
Stack trace:
#0 /Users/kezhang/My/www/html/yii-1.1/framework/web/CController.php(869): MessageController->renderFile()
#1 /Users/kezhang/My/www/html/yii-1.1/framework/web/CController.php(782): MessageController->renderPartial()
#2 /Users/kezhang/My/www/html/protected/controllers/MessageController.php(7): MessageController->render()
#3 /Users/kezhang/My/www/html/yii-1.1/framework/web/actions/CInlineAction.php(49): MessageController->actionHelloWorld()
#4 /Users/kezhang/My/www/html/yii-1.1/framework/web/CController.php(308): CInlineAction->runWithParams()
#5 /Users/kezhang/My/www/html/yii-1.1/framework/web/CController.php(286): MessageController->runAction()
#6 /Users/kezhang/My/www/html/yii-1.1/framework/web/CController.php(265): MessageController->runActionWithFilters()
#7 /Users/kezhang/My/www/html/yii-1.1/framework/web/CWebApplication.php(282): MessageController->run()
#8 /Users/kezhang/My/www/html/yii-1.1/framework/web/CWebApplication.php(141): CWebApplication->runController()
#9 /Users/kezhang/My/www/html/yii-1.1/framework/base/CApplication.php(185): CWebApplication->processRequest()
#10 /Users/kezhang/My/www/html/index.php(13): CWebApplication->run()
REQUEST_URI=/message/helloWorld
in /Users/kezhang/My/www/html/protected/views/message/helloWorld.php (11)
in /Users/kezhang/My/www/html/protected/controllers/MessageController.php (7)
in /Users/kezhang/My/www/html/index.php (13)
2016/04/01 21:35:23 [error] [php] date() expects at least 1 parameter, 0 given (/Users/kezhang/My/www/html/protected/views/message/helloWorld.php:11)
Stack trace:
#0 /Users/kezhang/My/www/html/yii-1.1/framework/web/CBaseController.php(95): MessageController->renderInternal()
#1 /Users/kezhang/My/www/html/yii-1.1/framework/web/CController.php(869): MessageController->renderFile()
#2 /Users/kezhang/My/www/html/yii-1.1/framework/web/CController.php(782): MessageController->renderPartial()
#3 /Users/kezhang/My/www/html/protected/controllers/MessageController.php(7): MessageController->render()
#4 /Users/kezhang/My/www/html/yii-1.1/framework/web/actions/CInlineAction.php(49): MessageController->actionHelloWorld()
#5 /Users/kezhang/My/www/html/yii-1.1/framework/web/CController.php(308): CInlineAction->runWithParams()
#6 /Users/kezhang/My/www/html/yii-1.1/framework/web/CController.php(286): MessageController->runAction()
#7 /Users/kezhang/My/www/html/yii-1.1/framework/web/CController.php(265): MessageController->runActionWithFilters()
#8 /Users/kezhang/My/www/html/yii-1.1/framework/web/CWebApplication.php(282): MessageController->run()
#9 /Users/kezhang/My/www/html/yii-1.1/framework/web/CWebApplication.php(141): CWebApplication->runController()
#10 /Users/kezhang/My/www/html/yii-1.1/framework/base/CApplication.php(185): CWebApplication->processRequest()
#11 /Users/kezhang/My/www/html/index.php(13): CWebApplication->run()
REQUEST_URI=/message/helloWorld
in /Users/kezhang/My/www/html/protected/views/message/helloWorld.php (11)
in /Users/kezhang/My/www/html/protected/controllers/MessageController.php (7)
in /Users/kezhang/My/www/html/index.php (13)
2016/04/01 22:03:04 [error] [exception.CHttpException.404] exception 'CHttpException' with message 'Unable to resolve the request "index/index".' in /Users/kezhang/My/www/html/yii-1.1/framework/web/CWebApplication.php:286
Stack trace:
#0 /Users/kezhang/My/www/html/yii-1.1/framework/web/CWebApplication.php(141): CWebApplication->runController('index/index')
#1 /Users/kezhang/My/www/html/yii-1.1/framework/base/CApplication.php(185): CWebApplication->processRequest()
#2 /Users/kezhang/My/www/html/index.php(13): CApplication->run()
#3 {main}
REQUEST_URI=/index/index
HTTP_REFERER=http://localhost:8080/message/helloWorld
---
